{"action_status": "started", "timestamp": 1679523209.3419762, "task_uuid": "9f401dbf-388a-4e68-9c24-237e71d6605e", "action_type": "guard_parse", "task_level": [1]}
{"reason": "module 'numpy' has no attribute 'bool'", "exception": "builtins.AttributeError", "message": "{\"'prompt'\": 'None', \"'api'\": 'None', \"'input_schema'\": 'None', \"'output_schema'\": \"OutputSchema({'bank_run': Object({'explanation': String({}), 'follow_up_url': URL({})})})\", \"'num_reasks'\": '1', \"'action_status'\": \"'started'\", \"'timestamp'\": '1679523209.3424032', \"'task_uuid'\": \"'9f401dbf-388a-4e68-9c24-237e71d6605e'\", \"'action_type'\": \"'run'\", \"'task_level'\": '[2, 1]'}", "timestamp": 1679523209.343593, "task_uuid": "9f401dbf-388a-4e68-9c24-237e71d6605e", "task_level": [3], "message_type": "eliot:destination_failure"}
{"reason": "module 'numpy' has no attribute 'bool'", "exception": "builtins.AttributeError", "message": "{\"'index'\": '0', \"'prompt'\": 'None', \"'prompt_params'\": 'None', \"'input_schema'\": 'None', \"'output_schema'\": \"OutputSchema({'bank_run': Object({'explanation': String({}), 'follow_up_url': URL({})})})\", \"'action_status'\": \"'started'\", \"'timestamp'\": '1679523209.343691', \"'task_uuid'\": \"'9f401dbf-388a-4e68-9c24-237e71d6605e'\", \"'action_type'\": \"'step'\", \"'task_level'\": '[2, 2, 1]'}", "timestamp": 1679523209.343841, "task_uuid": "9f401dbf-388a-4e68-9c24-237e71d6605e", "task_level": [2, 3], "message_type": "eliot:destination_failure"}
{"index": 0, "prompt": null, "action_status": "started", "timestamp": 1679523209.344173, "task_uuid": "9f401dbf-388a-4e68-9c24-237e71d6605e", "action_type": "call", "task_level": [2, 2, 2, 1]}
{"output": "{\"bank_run\": {\n    \"explanation\": \"A bank run is when a large number of customers withdraw their deposits from a bank due to concerns about the bank's solvency.\",\n    \"follow_up_url\": \"https://www.investopedia.com/terms/b/bankrun.asp\"\n    }\n}", "output_as_dict": {"bank_run": {"explanation": "A bank run is when a large number of customers withdraw their deposits from a bank due to concerns about the bank's solvency.", "follow_up_url": "https://www.investopedia.com/terms/b/bankrun.asp"}}, "error": null, "timestamp": 1679523209.34423, "task_uuid": "9f401dbf-388a-4e68-9c24-237e71d6605e", "task_level": [2, 2, 2, 2], "message_type": "info"}
{"action_status": "succeeded", "timestamp": 1679523209.3442612, "task_uuid": "9f401dbf-388a-4e68-9c24-237e71d6605e", "action_type": "call", "task_level": [2, 2, 2, 3]}
{"index": 0, "action_status": "started", "timestamp": 1679523209.344285, "task_uuid": "9f401dbf-388a-4e68-9c24-237e71d6605e", "action_type": "validate", "task_level": [2, 2, 3, 1]}
{"validated_output": {"bank_run": {"explanation": "A bank run is when a large number of customers withdraw their deposits from a bank due to concerns about the bank's solvency.", "follow_up_url": "https://www.investopedia.com/terms/b/bankrun.asp"}}, "timestamp": 1679523209.5612822, "task_uuid": "9f401dbf-388a-4e68-9c24-237e71d6605e", "task_level": [2, 2, 3, 2], "message_type": "info"}
{"action_status": "succeeded", "timestamp": 1679523209.561412, "task_uuid": "9f401dbf-388a-4e68-9c24-237e71d6605e", "action_type": "validate", "task_level": [2, 2, 3, 3]}
{"index": 0, "action_status": "started", "timestamp": 1679523209.561474, "task_uuid": "9f401dbf-388a-4e68-9c24-237e71d6605e", "action_type": "introspect", "task_level": [2, 2, 4, 1]}
{"reasks": [], "timestamp": 1679523209.5615418, "task_uuid": "9f401dbf-388a-4e68-9c24-237e71d6605e", "task_level": [2, 2, 4, 2], "message_type": "info"}
{"action_status": "succeeded", "timestamp": 1679523209.561583, "task_uuid": "9f401dbf-388a-4e68-9c24-237e71d6605e", "action_type": "introspect", "task_level": [2, 2, 4, 3]}
{"action_status": "succeeded", "timestamp": 1679523209.561644, "task_uuid": "9f401dbf-388a-4e68-9c24-237e71d6605e", "action_type": "step", "task_level": [2, 2, 5]}
{"action_status": "succeeded", "timestamp": 1679523209.561703, "task_uuid": "9f401dbf-388a-4e68-9c24-237e71d6605e", "action_type": "run", "task_level": [2, 4]}
{"action_status": "succeeded", "timestamp": 1679523209.561789, "task_uuid": "9f401dbf-388a-4e68-9c24-237e71d6605e", "action_type": "guard_parse", "task_level": [4]}
{"action_status": "started", "timestamp": 1679523216.041606, "task_uuid": "688d973b-fbc8-4213-9029-383d00fd0bfc", "action_type": "guard_parse", "task_level": [1]}
{"reason": "module 'numpy' has no attribute 'bool'", "exception": "builtins.AttributeError", "message": "{\"'prompt'\": 'None', \"'api'\": 'None', \"'input_schema'\": 'None', \"'output_schema'\": \"OutputSchema({'bank_run': Object({'explanation': String({}), 'follow_up_url': URL({})})})\", \"'num_reasks'\": '1', \"'action_status'\": \"'started'\", \"'timestamp'\": '1679523216.041709', \"'task_uuid'\": \"'688d973b-fbc8-4213-9029-383d00fd0bfc'\", \"'action_type'\": \"'run'\", \"'task_level'\": '[2, 1]'}", "timestamp": 1679523216.041924, "task_uuid": "688d973b-fbc8-4213-9029-383d00fd0bfc", "task_level": [3], "message_type": "eliot:destination_failure"}
{"reason": "module 'numpy' has no attribute 'bool'", "exception": "builtins.AttributeError", "message": "{\"'index'\": '0', \"'prompt'\": 'None', \"'prompt_params'\": 'None', \"'input_schema'\": 'None', \"'output_schema'\": \"OutputSchema({'bank_run': Object({'explanation': String({}), 'follow_up_url': URL({})})})\", \"'action_status'\": \"'started'\", \"'timestamp'\": '1679523216.042026', \"'task_uuid'\": \"'688d973b-fbc8-4213-9029-383d00fd0bfc'\", \"'action_type'\": \"'step'\", \"'task_level'\": '[2, 2, 1]'}", "timestamp": 1679523216.0421472, "task_uuid": "688d973b-fbc8-4213-9029-383d00fd0bfc", "task_level": [2, 3], "message_type": "eliot:destination_failure"}
{"index": 0, "prompt": null, "action_status": "started", "timestamp": 1679523216.0422359, "task_uuid": "688d973b-fbc8-4213-9029-383d00fd0bfc", "action_type": "call", "task_level": [2, 2, 2, 1]}
{"output": "{\"bank_run\": {\n    \"explanation\": \"A bank run is when a large number of customers withdraw their deposits from a bank due to concerns about the bank's solvency.\",\n    \"follow_up_url\": \"https://www.investopedia.com/terms/b/bankrun.asp\"\n    }\n}", "output_as_dict": {"bank_run": {"explanation": "A bank run is when a large number of customers withdraw their deposits from a bank due to concerns about the bank's solvency.", "follow_up_url": "https://www.investopedia.com/terms/b/bankrun.asp"}}, "error": null, "timestamp": 1679523216.042378, "task_uuid": "688d973b-fbc8-4213-9029-383d00fd0bfc", "task_level": [2, 2, 2, 2], "message_type": "info"}
{"action_status": "succeeded", "timestamp": 1679523216.042424, "task_uuid": "688d973b-fbc8-4213-9029-383d00fd0bfc", "action_type": "call", "task_level": [2, 2, 2, 3]}
{"index": 0, "action_status": "started", "timestamp": 1679523216.04245, "task_uuid": "688d973b-fbc8-4213-9029-383d00fd0bfc", "action_type": "validate", "task_level": [2, 2, 3, 1]}
{"validated_output": {"bank_run": {"explanation": "A bank run is when a large number of customers withdraw their deposits from a bank due to concerns about the bank's solvency.", "follow_up_url": "https://www.investopedia.com/terms/b/bankrun.asp"}}, "timestamp": 1679523216.287599, "task_uuid": "688d973b-fbc8-4213-9029-383d00fd0bfc", "task_level": [2, 2, 3, 2], "message_type": "info"}
{"action_status": "succeeded", "timestamp": 1679523216.2877839, "task_uuid": "688d973b-fbc8-4213-9029-383d00fd0bfc", "action_type": "validate", "task_level": [2, 2, 3, 3]}
{"index": 0, "action_status": "started", "timestamp": 1679523216.287884, "task_uuid": "688d973b-fbc8-4213-9029-383d00fd0bfc", "action_type": "introspect", "task_level": [2, 2, 4, 1]}
{"reasks": [], "timestamp": 1679523216.28798, "task_uuid": "688d973b-fbc8-4213-9029-383d00fd0bfc", "task_level": [2, 2, 4, 2], "message_type": "info"}
{"action_status": "succeeded", "timestamp": 1679523216.2880378, "task_uuid": "688d973b-fbc8-4213-9029-383d00fd0bfc", "action_type": "introspect", "task_level": [2, 2, 4, 3]}
{"action_status": "succeeded", "timestamp": 1679523216.288108, "task_uuid": "688d973b-fbc8-4213-9029-383d00fd0bfc", "action_type": "step", "task_level": [2, 2, 5]}
{"action_status": "succeeded", "timestamp": 1679523216.2882051, "task_uuid": "688d973b-fbc8-4213-9029-383d00fd0bfc", "action_type": "run", "task_level": [2, 4]}
{"action_status": "succeeded", "timestamp": 1679523216.288269, "task_uuid": "688d973b-fbc8-4213-9029-383d00fd0bfc", "action_type": "guard_parse", "task_level": [4]}
{"action_status": "started", "timestamp": 1679524113.253612, "task_uuid": "06fead8c-7e6a-477b-bc90-4c699c242bca", "action_type": "guard_parse", "task_level": [1]}
{"reason": "module 'numpy' has no attribute 'bool'", "exception": "builtins.AttributeError", "message": "{\"'prompt'\": 'None', \"'api'\": 'None', \"'input_schema'\": 'None', \"'output_schema'\": \"OutputSchema({'patient_info': Object({'gender': String({}), 'age': Integer({}), 'symptoms': String({})})})\", \"'num_reasks'\": '1', \"'action_status'\": \"'started'\", \"'timestamp'\": '1679524113.254574', \"'task_uuid'\": \"'06fead8c-7e6a-477b-bc90-4c699c242bca'\", \"'action_type'\": \"'run'\", \"'task_level'\": '[2, 1]'}", "timestamp": 1679524113.254974, "task_uuid": "06fead8c-7e6a-477b-bc90-4c699c242bca", "task_level": [3], "message_type": "eliot:destination_failure"}
{"reason": "module 'numpy' has no attribute 'bool'", "exception": "builtins.AttributeError", "message": "{\"'index'\": '0', \"'prompt'\": 'None', \"'prompt_params'\": 'None', \"'input_schema'\": 'None', \"'output_schema'\": \"OutputSchema({'patient_info': Object({'gender': String({}), 'age': Integer({}), 'symptoms': String({})})})\", \"'action_status'\": \"'started'\", \"'timestamp'\": '1679524113.2551548', \"'task_uuid'\": \"'06fead8c-7e6a-477b-bc90-4c699c242bca'\", \"'action_type'\": \"'step'\", \"'task_level'\": '[2, 2, 1]'}", "timestamp": 1679524113.255251, "task_uuid": "06fead8c-7e6a-477b-bc90-4c699c242bca", "task_level": [2, 3], "message_type": "eliot:destination_failure"}
{"index": 0, "prompt": null, "action_status": "started", "timestamp": 1679524113.255373, "task_uuid": "06fead8c-7e6a-477b-bc90-4c699c242bca", "action_type": "call", "task_level": [2, 2, 2, 1]}
{"output": "{\n    \"gender\": \"Male\",\n    \"age\": 49,\n    \"symptoms\": \"Chronic macular rash to face & hair, worse in beard, eyebrows & nares. Itchy, flaky, slightly scaly. Moderate response to OTC steroid cream\"\n}", "output_as_dict": {"gender": "Male", "age": 49, "symptoms": "Chronic macular rash to face & hair, worse in beard, eyebrows & nares. Itchy, flaky, slightly scaly. Moderate response to OTC steroid cream"}, "error": null, "timestamp": 1679524113.255432, "task_uuid": "06fead8c-7e6a-477b-bc90-4c699c242bca", "task_level": [2, 2, 2, 2], "message_type": "info"}
{"action_status": "succeeded", "timestamp": 1679524113.255465, "task_uuid": "06fead8c-7e6a-477b-bc90-4c699c242bca", "action_type": "call", "task_level": [2, 2, 2, 3]}
{"index": 0, "action_status": "started", "timestamp": 1679524113.255489, "task_uuid": "06fead8c-7e6a-477b-bc90-4c699c242bca", "action_type": "validate", "task_level": [2, 2, 3, 1]}
{"validated_output": {"gender": "Male", "age": 49, "symptoms": "Chronic macular rash to face & hair, worse in beard, eyebrows & nares. Itchy, flaky, slightly scaly. Moderate response to OTC steroid cream"}, "timestamp": 1679524113.2555451, "task_uuid": "06fead8c-7e6a-477b-bc90-4c699c242bca", "task_level": [2, 2, 3, 2], "message_type": "info"}
{"action_status": "succeeded", "timestamp": 1679524113.255569, "task_uuid": "06fead8c-7e6a-477b-bc90-4c699c242bca", "action_type": "validate", "task_level": [2, 2, 3, 3]}
{"index": 0, "action_status": "started", "timestamp": 1679524113.25559, "task_uuid": "06fead8c-7e6a-477b-bc90-4c699c242bca", "action_type": "introspect", "task_level": [2, 2, 4, 1]}
{"reasks": [], "timestamp": 1679524113.255616, "task_uuid": "06fead8c-7e6a-477b-bc90-4c699c242bca", "task_level": [2, 2, 4, 2], "message_type": "info"}
{"action_status": "succeeded", "timestamp": 1679524113.255635, "task_uuid": "06fead8c-7e6a-477b-bc90-4c699c242bca", "action_type": "introspect", "task_level": [2, 2, 4, 3]}
{"action_status": "succeeded", "timestamp": 1679524113.255661, "task_uuid": "06fead8c-7e6a-477b-bc90-4c699c242bca", "action_type": "step", "task_level": [2, 2, 5]}
{"action_status": "succeeded", "timestamp": 1679524113.255698, "task_uuid": "06fead8c-7e6a-477b-bc90-4c699c242bca", "action_type": "run", "task_level": [2, 4]}
{"action_status": "succeeded", "timestamp": 1679524113.2557209, "task_uuid": "06fead8c-7e6a-477b-bc90-4c699c242bca", "action_type": "guard_parse", "task_level": [4]}
